{"name":"testFreeDocument","status":"broken","statusDetails":{"known":false,"muted":false,"flaky":false,"message":"Expected condition failed: waiting for element to be clickable: By.xpath: //div[text()='20-Day Preliminary Notice'] (tried for 100 second(s) with 500 milliseconds interval)","trace":"org.openqa.selenium.TimeoutException: Expected condition failed: waiting for element to be clickable: By.xpath: //div[text()='20-Day Preliminary Notice'] (tried for 100 second(s) with 500 milliseconds interval)\r\n\tat org.openqa.selenium.support.ui.WebDriverWait.timeoutException(WebDriverWait.java:95)\r\n\tat org.openqa.selenium.support.ui.FluentWait.until(FluentWait.java:272)\r\n\tat actions.UI_Actions.clickOn(UI_Actions.java:56)\r\n\tat pages.SelectDocumentPage.selectDocument(SelectDocumentPage.java:21)\r\n\tat levelset_tests.LevelSetTests.testFreeDocument(LevelSetTests.java:60)\r\n\tat java.base/jdk.internal.reflect.NativeMethodAccessorImpl.invoke0(Native Method)\r\n\tat java.base/jdk.internal.reflect.NativeMethodAccessorImpl.invoke(NativeMethodAccessorImpl.java:64)\r\n\tat java.base/jdk.internal.reflect.DelegatingMethodAccessorImpl.invoke(DelegatingMethodAccessorImpl.java:43)\r\n\tat java.base/java.lang.reflect.Method.invoke(Method.java:564)\r\n\tat org.testng.internal.MethodInvocationHelper.invokeMethod(MethodInvocationHelper.java:124)\r\n\tat org.testng.internal.Invoker.invokeMethod(Invoker.java:583)\r\n\tat org.testng.internal.Invoker.invokeTestMethod(Invoker.java:719)\r\n\tat org.testng.internal.Invoker.invokeTestMethods(Invoker.java:989)\r\n\tat org.testng.internal.TestMethodWorker.invokeTestMethods(TestMethodWorker.java:125)\r\n\tat org.testng.internal.TestMethodWorker.run(TestMethodWorker.java:109)\r\n\tat org.testng.TestRunner.privateRun(TestRunner.java:648)\r\n\tat org.testng.TestRunner.run(TestRunner.java:505)\r\n\tat org.testng.SuiteRunner.runTest(SuiteRunner.java:455)\r\n\tat org.testng.SuiteRunner.access$000(SuiteRunner.java:40)\r\n\tat org.testng.SuiteRunner$SuiteWorker.run(SuiteRunner.java:489)\r\n\tat org.testng.internal.thread.ThreadUtil$1.call(ThreadUtil.java:52)\r\n\tat java.base/java.util.concurrent.FutureTask.run(FutureTask.java:264)\r\n\tat java.base/java.util.concurrent.ThreadPoolExecutor.runWorker(ThreadPoolExecutor.java:1130)\r\n\tat java.base/java.util.concurrent.ThreadPoolExecutor$Worker.run(ThreadPoolExecutor.java:630)\r\n\tat java.base/java.lang.Thread.run(Thread.java:832)\r\nCaused by: org.openqa.selenium.NoSuchElementException: {\"errorMessage\":\"Unable to find element with xpath '//div[text()='20-Day Preliminary Notice']'\",\"request\":{\"headers\":{\"Accept-Encoding\":\"gzip\",\"Connection\":\"Keep-Alive\",\"Content-Length\":\"88\",\"Content-Type\":\"application/json; charset=utf-8\",\"Host\":\"localhost:47999\",\"User-Agent\":\"selenium/3.141.59 (java windows)\"},\"httpVersion\":\"1.1\",\"method\":\"POST\",\"post\":\"{\\n  \\\"using\\\": \\\"xpath\\\",\\n  \\\"value\\\": \\\"\\\\u002f\\\\u002fdiv[text()='20-Day Preliminary Notice']\\\"\\n}\",\"url\":\"/element\",\"urlParsed\":{\"anchor\":\"\",\"query\":\"\",\"file\":\"element\",\"directory\":\"/\",\"path\":\"/element\",\"relative\":\"/element\",\"port\":\"\",\"host\":\"\",\"password\":\"\",\"user\":\"\",\"userInfo\":\"\",\"authority\":\"\",\"protocol\":\"\",\"source\":\"/element\",\"queryKey\":{},\"chunks\":[\"element\"]},\"urlOriginal\":\"/session/eaee66c0-b129-11eb-ba37-f510a9afe326/element\"}}\nCommand duration or timeout: 0 milliseconds\r\n\tat jdk.internal.reflect.GeneratedConstructorAccessor16.newInstance(Unknown Source)\r\n\tat java.base/jdk.internal.reflect.DelegatingConstructorAccessorImpl.newInstance(DelegatingConstructorAccessorImpl.java:45)\r\n\tat java.base/java.lang.reflect.Constructor.newInstanceWithCaller(Constructor.java:500)\r\n\tat java.base/java.lang.reflect.Constructor.newInstance(Constructor.java:481)\r\n\tat org.openqa.selenium.remote.ErrorHandler.createThrowable(ErrorHandler.java:214)\r\n\tat org.openqa.selenium.remote.ErrorHandler.throwIfResponseFailed(ErrorHandler.java:166)\r\n\tat org.openqa.selenium.remote.http.JsonHttpResponseCodec.reconstructValue(JsonHttpResponseCodec.java:40)\r\n\tat org.openqa.selenium.remote.http.AbstractHttpResponseCodec.decode(AbstractHttpResponseCodec.java:80)\r\n\tat org.openqa.selenium.remote.http.AbstractHttpResponseCodec.decode(AbstractHttpResponseCodec.java:44)\r\n\tat org.openqa.selenium.remote.HttpCommandExecutor.execute(HttpCommandExecutor.java:158)\r\n\tat org.openqa.selenium.phantomjs.PhantomJSCommandExecutor.execute(PhantomJSCommandExecutor.java:82)\r\n\tat org.openqa.selenium.remote.RemoteWebDriver.execute(RemoteWebDriver.java:552)\r\n\tat org.openqa.selenium.remote.RemoteWebDriver.findElement(RemoteWebDriver.java:323)\r\n\tat org.openqa.selenium.remote.RemoteWebDriver.findElementByXPath(RemoteWebDriver.java:428)\r\n\tat org.openqa.selenium.By$ByXPath.findElement(By.java:353)\r\n\tat org.openqa.selenium.remote.RemoteWebDriver.findElement(RemoteWebDriver.java:315)\r\n\tat org.openqa.selenium.support.ui.ExpectedConditions$7.apply(ExpectedConditions.java:205)\r\n\tat org.openqa.selenium.support.ui.ExpectedConditions$7.apply(ExpectedConditions.java:201)\r\n\tat org.openqa.selenium.support.ui.ExpectedConditions$22.apply(ExpectedConditions.java:641)\r\n\tat org.openqa.selenium.support.ui.ExpectedConditions$22.apply(ExpectedConditions.java:638)\r\n\tat org.openqa.selenium.support.ui.FluentWait.until(FluentWait.java:249)\r\n\t... 23 more\r\nCaused by: org.openqa.selenium.remote.ScreenshotException: Screen shot has been taken\r\n\tat org.openqa.selenium.remote.ErrorHandler.throwIfResponseFailed(ErrorHandler.java:140)\r\n\t... 38 more\r\nCaused by: org.openqa.selenium.NoSuchElementException: {\"errorMessage\":\"Unable to find element with xpath '//div[text()='20-Day Preliminary Notice']'\",\"request\":{\"headers\":{\"Accept-Encoding\":\"gzip\",\"Connection\":\"Keep-Alive\",\"Content-Length\":\"88\",\"Content-Type\":\"application/json; charset=utf-8\",\"Host\":\"localhost:47999\",\"User-Agent\":\"selenium/3.141.59 (java windows)\"},\"httpVersion\":\"1.1\",\"method\":\"POST\",\"post\":\"{\\n  \\\"using\\\": \\\"xpath\\\",\\n  \\\"value\\\": \\\"\\\\u002f\\\\u002fdiv[text()='20-Day Preliminary Notice']\\\"\\n}\",\"url\":\"/element\",\"urlParsed\":{\"anchor\":\"\",\"query\":\"\",\"file\":\"element\",\"directory\":\"/\",\"path\":\"/element\",\"relative\":\"/element\",\"port\":\"\",\"host\":\"\",\"password\":\"\",\"user\":\"\",\"userInfo\":\"\",\"authority\":\"\",\"protocol\":\"\",\"source\":\"/element\",\"queryKey\":{},\"chunks\":[\"element\"]},\"urlOriginal\":\"/session/eaee66c0-b129-11eb-ba37-f510a9afe326/element\"}}\nFor documentation on this error, please visit: https://www.seleniumhq.org/exceptions/no_such_element.html\nBuild info: version: '3.141.59', revision: 'e82be7d358', time: '2018-11-14T08:17:03'\nSystem info: host: 'DESKTOP-KAREEM', ip: '172.20.208.1', os.name: 'Windows 10', os.arch: 'amd64', os.version: '10.0', java.version: '15.0.1'\nDriver info: driver.version: unknown\r\n"},"stage":"finished","steps":[],"attachments":[],"parameters":[{"name":"arg1","value":"$19 Free"},{"name":"browser","value":"headless"},{"name":"arg0","value":"20-Day Preliminary Notice"}],"start":1620607947716,"stop":1620608065496,"uuid":"751d70b8-1ea5-4c2f-9503-fb3d2f6227c6","historyId":"d9f795ce19cdc4b41bdf1012bf01fae9","fullName":"levelset_tests.LevelSetTests.testFreeDocument","labels":[{"name":"package","value":"levelset_tests.LevelSetTests"},{"name":"testClass","value":"levelset_tests.LevelSetTests"},{"name":"testMethod","value":"testFreeDocument"},{"name":"parentSuite","value":"Regression"},{"name":"suite","value":"ChromeTests"},{"name":"subSuite","value":"levelset_tests.LevelSetTests"},{"name":"host","value":"DESKTOP-Kareem"},{"name":"thread","value":"472@DESKTOP-Kareem.TestNG-tests-1(16)"},{"name":"framework","value":"testng"},{"name":"language","value":"java"}],"links":[]}